23:02:35.060 [main] DEBUG org.apache.poi.openxml4j.opc.PackageRelationshipCollection - Parsing relationship: /_rels/.rels
23:02:35.087 [main] DEBUG org.apache.poi.openxml4j.opc.PackageRelationshipCollection - Parsing relationship: /xl/_rels/workbook.xml.rels
23:02:35.088 [main] DEBUG org.apache.poi.openxml4j.opc.PackageRelationshipCollection - Parsing relationship: /xl/worksheets/_rels/sheet1.xml.rels
23:02:35.088 [main] DEBUG org.apache.poi.openxml4j.opc.PackageRelationshipCollection - Parsing relationship: /_rels/.rels
23:03:46.266 [main] INFO  TestCases.TC001_LoginwithValidCredentials - ******Starting TC001_LoginWithValid********
23:03:46.273 [main] DEBUG TestCases.TC001_LoginwithValidCredentials - ***Application Logs***
23:03:46.583 [main] INFO  TestCases.TC001_LoginwithValidCredentials - ********Sucessfully Login************
23:03:48.031 [main] ERROR TestCases.TC001_LoginwithValidCredentials - ****Failed****
23:03:48.031 [main] DEBUG TestCases.TC001_LoginwithValidCredentials - ***Debug logs*****
23:08:47.232 [main] INFO  TestCases.TC001_LoginwithValidCredentials - ******Starting TC001_LoginWithValid********
23:08:47.238 [main] DEBUG TestCases.TC001_LoginwithValidCredentials - ***Application Logs***
23:08:47.557 [main] INFO  TestCases.TC001_LoginwithValidCredentials - ********Sucessfully Login************
23:08:49.518 [main] INFO  TestCases.TC001_LoginwithValidCredentials - ***Passed***
23:08:51.140 [main] INFO  TestCases.TC001_LoginwithValidCredentials - Logout Sucessful
23:08:51.140 [main] INFO  TestCases.TC001_LoginwithValidCredentials - ****Complete TC001********
00:34:03.963 [main] INFO  TestCases.TC001_LoginwithValidCredentials - ******Starting TC001_LoginWithValid********
00:34:03.967 [main] DEBUG TestCases.TC001_LoginwithValidCredentials - ***Application Logs***
00:34:04.403 [main] INFO  TestCases.TC001_LoginwithValidCredentials - ********Sucessfully Login************
00:34:05.899 [main] INFO  TestCases.TC001_LoginwithValidCredentials - ***Passed***
00:34:07.188 [main] INFO  TestCases.TC001_LoginwithValidCredentials - Logout Sucessful
00:34:07.188 [main] INFO  TestCases.TC001_LoginwithValidCredentials - ****Complete TC001********
00:34:49.691 [main] INFO  TestCases.TC001_LoginwithValidCredentials - ******Starting TC001_LoginWithValid********
00:34:49.694 [main] DEBUG TestCases.TC001_LoginwithValidCredentials - ***Application Logs***
00:34:50.037 [main] INFO  TestCases.TC001_LoginwithValidCredentials - ********Sucessfully Login************
00:34:51.707 [main] INFO  TestCases.TC001_LoginwithValidCredentials - ***Passed***
00:34:53.154 [main] INFO  TestCases.TC001_LoginwithValidCredentials - Logout Sucessful
00:34:53.154 [main] INFO  TestCases.TC001_LoginwithValidCredentials - ****Complete TC001********
00:36:53.235 [main] INFO  TestCases.TC001_LoginwithValidCredentials - ******Starting TC001_LoginWithValid********
00:36:53.238 [main] DEBUG TestCases.TC001_LoginwithValidCredentials - ***Application Logs***
00:36:53.517 [main] INFO  TestCases.TC001_LoginwithValidCredentials - ********Sucessfully Login************
00:36:55.255 [main] INFO  TestCases.TC001_LoginwithValidCredentials - ***Passed***
00:36:56.478 [main] INFO  TestCases.TC001_LoginwithValidCredentials - Logout Sucessful
00:36:56.478 [main] INFO  TestCases.TC001_LoginwithValidCredentials - ****Complete TC001********
01:09:44.698 [main] INFO  TestCases.TC001_LoginwithValidCredentials - ******Starting TC001_LoginWithValid********
01:09:44.701 [main] DEBUG TestCases.TC001_LoginwithValidCredentials - ***Application Logs***
01:09:45.033 [main] INFO  TestCases.TC001_LoginwithValidCredentials - ********Sucessfully Login************
01:09:46.611 [main] INFO  TestCases.TC001_LoginwithValidCredentials - ***Passed***
01:09:47.872 [main] INFO  TestCases.TC001_LoginwithValidCredentials - Logout Sucessful
01:09:47.872 [main] INFO  TestCases.TC001_LoginwithValidCredentials - ****Complete TC001********
23:31:13.873 [main] INFO  TestCases.TC001_LoginwithValidCredentials - ******Starting TC001_LoginWithValid********
23:31:13.882 [main] DEBUG TestCases.TC001_LoginwithValidCredentials - ***Application Logs***
23:31:14.266 [main] INFO  TestCases.TC001_LoginwithValidCredentials - ********Sucessfully Login************
23:31:16.478 [main] INFO  TestCases.TC001_LoginwithValidCredentials - ***Passed***
23:31:17.836 [main] INFO  TestCases.TC001_LoginwithValidCredentials - Logout Sucessful
23:31:17.836 [main] INFO  TestCases.TC001_LoginwithValidCredentials - ****Complete TC001********
23:32:55.774 [main] INFO  TestCases.TC001_LoginwithValidCredentials - ******Starting TC001_LoginWithValid********
23:32:55.784 [main] DEBUG TestCases.TC001_LoginwithValidCredentials - ***Application Logs***
23:32:56.137 [main] INFO  TestCases.TC001_LoginwithValidCredentials - ********Sucessfully Login************
23:32:57.594 [main] INFO  TestCases.TC001_LoginwithValidCredentials - ***Passed***
23:32:58.849 [main] INFO  TestCases.TC001_LoginwithValidCredentials - Logout Sucessful
